5.6772 	INFO 	Screen res set as: 1920x1080
5.6781 	INFO 	Loaded monitor calibration from ['2022_06_10 19:24']
6.2485 	EXP 	Created window1 = Window(allowGUI=True, allowStencil=False, autoLog=True, backendConf=UNKNOWN, bitsMode=UNKNOWN, blendMode='avg', bpc=(8, 8, 8), color=array([-1, -1, -1]), colorSpace='rgb', depthBits=8, fullscr=<method-wrapper '__getattribute__' of attributeSetter object at 0x7f64667a4190>, gamma=None, gammaErrorPolicy='raise', lms=UNKNOWN, monitor=<psychopy.monitors.calibTools.Monitor object at 0x7f645b7574c0>, multiSample=False, name='window1', numSamples=2, pos=[0.0, 0.0], screen=0, size=array([1920, 1080]), stencilBits=0, stereo=False, units='pix', useFBO=False, useRetina=False, viewOri=0.0, viewPos=None, viewScale=None, waitBlanking=True, winType='pyglet')
6.2488 	EXP 	window1: mouseVisible = True
6.2529 	EXP 	window1: mouseVisible = False
6.2531 	EXP 	window1: Attempting to measure frame rate of screen (0) ...
6.2533 	EXP 	window1: recordFrameIntervals = False
6.3219 	EXP 	window1: recordFrameIntervals = True
6.5378 	EXP 	Screen (0) actual frame rate measured at 143.90Hz
6.5379 	EXP 	window1: recordFrameIntervals = False
6.5381 	INFO 	Detected framerate: 144 frames per sec.
6.5381 	INFO 	FRAME RATE: 144
6.5382 	INFO 	SCREEN RES: odict_values([1920, 1080])
6.6208 	EXP 	Created unnamed TextStim = TextStim(__class__=<class 'psychopy.visual.text.TextStim'>, alignHoriz=method-wrapper(...), alignText='center', alignVert=method-wrapper(...), anchorHoriz='center', anchorVert='center', antialias=True, autoDraw=False, autoLog=True, bold=False, color=array([0.00392157, 0.00392157, 0.00392157]), colorSpace='rgb', contrast=1.0, depth=0, flipHoriz=False, flipVert=False, font='Arial', fontFiles=[], height=20.0, italic=False, languageStyle='LTR', name='unnamed TextStim', opacity=1.0, ori=0.0, pos=array([  0., -40.]), rgb=UNKNOWN, text='Który wyższy?', units='pix', win=Window(...), wrapWidth=500)
6.6255 	EXP 	Created unnamed TextStim = TextStim(__class__=<class 'psychopy.visual.text.TextStim'>, alignHoriz=method-wrapper(...), alignText='center', alignVert=method-wrapper(...), anchorHoriz='center', anchorVert='center', antialias=True, autoDraw=False, autoLog=True, bold=False, color=array([0.00392157, 0.00392157, 0.00392157]), colorSpace='rgb', contrast=1.0, depth=0, flipHoriz=False, flipVert=False, font='Arial', fontFiles=[], height=20.0, italic=False, languageStyle='LTR', name='unnamed TextStim', opacity=1.0, ori=0.0, pos=array([  0., -80.]), rgb=UNKNOWN, text=str(...), units='pix', win=Window(...), wrapWidth=1000)
6.6305 	EXP 	Created unnamed TextStim = TextStim(__class__=<class 'psychopy.visual.text.TextStim'>, alignHoriz=method-wrapper(...), alignText='center', alignVert=method-wrapper(...), anchorHoriz='center', anchorVert='center', antialias=True, autoDraw=False, autoLog=True, bold=False, color=array([ 1., -1., -1.]), colorSpace='rgb', contrast=1.0, depth=0, flipHoriz=False, flipVert=False, font='', fontFiles=[], height=20.0, italic=False, languageStyle='LTR', name='unnamed TextStim', opacity=1.0, ori=0.0, pos=array([ 0., 15.]), rgb=UNKNOWN, text='+', units='pix', win=Window(...), wrapWidth=500)
6.6449 	EXP 	Created unnamed TextStim = TextStim(__class__=<class 'psychopy.visual.text.TextStim'>, alignHoriz=method-wrapper(...), alignText='center', alignVert=method-wrapper(...), anchorHoriz='center', anchorVert='center', antialias=True, autoDraw=False, autoLog=True, bold=False, color=array([1., 1., 1.]), colorSpace='rgb', contrast=1.0, depth=0, flipHoriz=False, flipVert=False, font='arial', fontFiles=[], height=20.0, italic=False, languageStyle='LTR', name='unnamed TextStim', opacity=1.0, ori=0.0, pos=array([0., 0.]), rgb=UNKNOWN, text=str(...), units='pix', win=Window(...), wrapWidth=1000)
6.6524 	EXP 	unnamed TextStim: autoDraw = True
7.8270 	DATA 	Keypress: space
8.3397 	EXP 	Created unnamed TextStim = TextStim(__class__=<class 'psychopy.visual.text.TextStim'>, alignHoriz=method-wrapper(...), alignText='center', alignVert=method-wrapper(...), anchorHoriz='center', anchorVert='center', antialias=True, autoDraw=False, autoLog=True, bold=False, color=array([0.00392157, 0.00392157, 0.00392157]), colorSpace='rgb', contrast=1.0, depth=0, flipHoriz=False, flipVert=False, font='', fontFiles=[], height=20.0, italic=False, languageStyle='LTR', name='unnamed TextStim', opacity=1.0, ori=0.0, pos=array([0., 0.]), rgb=UNKNOWN, text='Hello World', units='pix', win=Window(...), wrapWidth=1920)
11.9652 	EXP 	unnamed TextStim: height = 20.0
11.9652 	EXP 	unnamed TextStim: height = 20.0
11.9652 	EXP 	unnamed TextStim: height = 20.0
11.9652 	EXP 	unnamed TextStim: text = 'Pierwszy dźwięk był wyższy.'
13.9861 	EXP 	unnamed TextStim: height = 20.0
13.9861 	EXP 	unnamed TextStim: height = 20.0
13.9861 	EXP 	unnamed TextStim: height = 20.0
13.9861 	EXP 	unnamed TextStim: text = 'Naciśnij spację, aby usłyszeć następną przykładową parę dźwięków.'
23.9523 	DATA 	Keypress: space
23.9652 	EXP 	Created unnamed TextStim = TextStim(__class__=<class 'psychopy.visual.text.TextStim'>, alignHoriz=method-wrapper(...), alignText='center', alignVert=method-wrapper(...), anchorHoriz='center', anchorVert='center', antialias=True, autoDraw=False, autoLog=True, bold=False, color=array([0.00392157, 0.00392157, 0.00392157]), colorSpace='rgb', contrast=1.0, depth=0, flipHoriz=False, flipVert=False, font='', fontFiles=[], height=20.0, italic=False, languageStyle='LTR', name='unnamed TextStim', opacity=1.0, ori=0.0, pos=array([0., 0.]), rgb=UNKNOWN, text='Hello World', units='pix', win=Window(...), wrapWidth=1920)
27.5852 	EXP 	unnamed TextStim: height = 20.0
27.5852 	EXP 	unnamed TextStim: height = 20.0
27.5852 	EXP 	unnamed TextStim: height = 20.0
27.5852 	EXP 	unnamed TextStim: text = 'Pierwszy dźwięk był wyższy.'
29.5989 	EXP 	unnamed TextStim: height = 20.0
29.5989 	EXP 	unnamed TextStim: height = 20.0
29.5989 	EXP 	unnamed TextStim: height = 20.0
29.5989 	EXP 	unnamed TextStim: text = 'Naciśnij spację, aby usłyszeć następną przykładową parę dźwięków.'
31.6213 	DATA 	Keypress: space
31.6298 	EXP 	Created unnamed TextStim = TextStim(__class__=<class 'psychopy.visual.text.TextStim'>, alignHoriz=method-wrapper(...), alignText='center', alignVert=method-wrapper(...), anchorHoriz='center', anchorVert='center', antialias=True, autoDraw=False, autoLog=True, bold=False, color=array([0.00392157, 0.00392157, 0.00392157]), colorSpace='rgb', contrast=1.0, depth=0, flipHoriz=False, flipVert=False, font='', fontFiles=[], height=20.0, italic=False, languageStyle='LTR', name='unnamed TextStim', opacity=1.0, ori=0.0, pos=array([0., 0.]), rgb=UNKNOWN, text='Hello World', units='pix', win=Window(...), wrapWidth=1920)
35.2517 	EXP 	unnamed TextStim: height = 20.0
35.2517 	EXP 	unnamed TextStim: height = 20.0
35.2517 	EXP 	unnamed TextStim: height = 20.0
35.2517 	EXP 	unnamed TextStim: text = 'Pierwszy dźwięk był niższy.'
36.6999 	DATA 	Keypress: space
37.2657 	EXP 	unnamed TextStim: height = 20.0
37.2657 	EXP 	unnamed TextStim: height = 20.0
37.2657 	EXP 	unnamed TextStim: height = 20.0
37.2657 	EXP 	unnamed TextStim: text = 'Naciśnij spację, aby usłyszeć następną przykładową parę dźwięków.'
39.5381 	DATA 	Keypress: space
39.5463 	EXP 	Created unnamed TextStim = TextStim(__class__=<class 'psychopy.visual.text.TextStim'>, alignHoriz=method-wrapper(...), alignText='center', alignVert=method-wrapper(...), anchorHoriz='center', anchorVert='center', antialias=True, autoDraw=False, autoLog=True, bold=False, color=array([0.00392157, 0.00392157, 0.00392157]), colorSpace='rgb', contrast=1.0, depth=0, flipHoriz=False, flipVert=False, font='', fontFiles=[], height=20.0, italic=False, languageStyle='LTR', name='unnamed TextStim', opacity=1.0, ori=0.0, pos=array([0., 0.]), rgb=UNKNOWN, text='Hello World', units='pix', win=Window(...), wrapWidth=1920)
43.1683 	EXP 	unnamed TextStim: height = 20.0
43.1683 	EXP 	unnamed TextStim: height = 20.0
43.1683 	EXP 	unnamed TextStim: height = 20.0
43.1683 	EXP 	unnamed TextStim: text = 'Pierwszy dźwięk był niższy.'
45.1822 	EXP 	unnamed TextStim: height = 20.0
45.1822 	EXP 	unnamed TextStim: height = 20.0
45.1822 	EXP 	unnamed TextStim: height = 20.0
45.1822 	EXP 	unnamed TextStim: text = 'Naciśnij spację, aby usłyszeć następną przykładową parę dźwięków.'
45.8167 	DATA 	Keypress: space
45.8243 	EXP 	Created unnamed TextStim = TextStim(__class__=<class 'psychopy.visual.text.TextStim'>, alignHoriz=method-wrapper(...), alignText='center', alignVert=method-wrapper(...), anchorHoriz='center', anchorVert='center', antialias=True, autoDraw=False, autoLog=True, bold=False, color=array([0.00392157, 0.00392157, 0.00392157]), colorSpace='rgb', contrast=1.0, depth=0, flipHoriz=False, flipVert=False, font='', fontFiles=[], height=20.0, italic=False, languageStyle='LTR', name='unnamed TextStim', opacity=1.0, ori=0.0, pos=array([0., 0.]), rgb=UNKNOWN, text='Hello World', units='pix', win=Window(...), wrapWidth=1920)
49.4462 	EXP 	unnamed TextStim: height = 20.0
49.4462 	EXP 	unnamed TextStim: height = 20.0
49.4462 	EXP 	unnamed TextStim: height = 20.0
49.4462 	EXP 	unnamed TextStim: text = 'Pierwszy dźwięk był wyższy.'
51.4647 	EXP 	unnamed TextStim: height = 20.0
51.4647 	EXP 	unnamed TextStim: height = 20.0
51.4647 	EXP 	unnamed TextStim: height = 20.0
51.4647 	EXP 	unnamed TextStim: text = 'Naciśnij spację, aby usłyszeć następną przykładową parę dźwięków.'
55.7312 	DATA 	Keypress: f7
56.6586 	DATA 	Keypress: space
56.6664 	CRITICAL 	Experiment finished by user! f7 pressed.
56.7283 	EXP 	window1: mouseVisible = True
