2.4632 	WARNING 	t of last frame was 1.25ms (=1/802)
2.4748 	WARNING 	t of last frame was 2.06ms (=1/486)
2.6320 	EXP 	Created unnamed TextStim = TextStim(__class__=<class 'psychopy.visual.text.TextStim'>, alignHoriz='center', alignVert='center', antialias=True, autoLog=True, bold=False, color='grey', colorSpace='named', contrast=1.0, depth=0, flipHoriz=False, flipVert=False, font='Arial', fontFiles=[], height=20, italic=False, languageStyle='LTR', name='unnamed TextStim', opacity=1.0, ori=0.0, pos=array([  0., -40.]), rgb=array([ 128.,  128.,  128.]), text='Freq: Answer Label', units='pix', win=Window(...), wrapWidth=500)
2.6565 	EXP 	Created unnamed TextStim = TextStim(__class__=<class 'psychopy.visual.text.TextStim'>, alignHoriz='center', alignVert='center', antialias=True, autoLog=True, bold=False, color='grey', colorSpace='named', contrast=1.0, depth=0, flipHoriz=False, flipVert=False, font='Arial', fontFiles=[], height=20, italic=False, languageStyle='LTR', name='unnamed TextStim', opacity=1.0, ori=0.0, pos=array([  0., -80.]), rgb=array([ 128.,  128.,  128.]), text=str(...), units='pix', win=Window(...), wrapWidth=500)
2.6699 	EXP 	Created unnamed TextStim = TextStim(__class__=<class 'psychopy.visual.text.TextStim'>, alignHoriz='center', alignVert='center', antialias=True, autoLog=True, bold=False, color='grey', colorSpace='named', contrast=1.0, depth=0, flipHoriz=False, flipVert=False, font='Arial', fontFiles=[], height=20, italic=False, languageStyle='LTR', name='unnamed TextStim', opacity=1.0, ori=0.0, pos=array([ 0.,  0.]), rgb=array([ 128.,  128.,  128.]), text='Poprawna odpowiedź', units='pix', win=Window(...), wrapWidth=500)
2.6823 	EXP 	Created unnamed TextStim = TextStim(__class__=<class 'psychopy.visual.text.TextStim'>, alignHoriz='center', alignVert='center', antialias=True, autoLog=True, bold=False, color='grey', colorSpace='named', contrast=1.0, depth=0, flipHoriz=False, flipVert=False, font='Arial', fontFiles=[], height=20, italic=False, languageStyle='LTR', name='unnamed TextStim', opacity=1.0, ori=0.0, pos=array([ 0.,  0.]), rgb=array([ 128.,  128.,  128.]), text='Niepoprawna odpowiedź', units='pix', win=Window(...), wrapWidth=500)
2.7680 	EXP 	Created unnamed TextStim = TextStim(__class__=<class 'psychopy.visual.text.TextStim'>, alignHoriz='center', alignVert='center', antialias=True, autoLog=True, bold=False, color='grey', colorSpace='named', contrast=1.0, depth=0, flipHoriz=False, flipVert=False, font='Arial', fontFiles=[], height=20, italic=False, languageStyle='LTR', name='unnamed TextStim', opacity=1.0, ori=0.0, pos=array([ 0.,  0.]), rgb=array([ 128.,  128.,  128.]), text='Nie udzieliłeś/aś odpowiedzi', units='pix', win=Window(...), wrapWidth=500)
2.7895 	EXP 	Created unnamed TextStim = TextStim(__class__=<class 'psychopy.visual.text.TextStim'>, alignHoriz='center', alignVert='center', antialias=True, autoLog=True, bold=False, color='white', colorSpace='named', contrast=1.0, depth=0, flipHoriz=False, flipVert=False, font='arial', fontFiles=[], height=20, italic=False, languageStyle='LTR', name='unnamed TextStim', opacity=1.0, ori=0.0, pos=array([ 0.,  0.]), rgb=array([ 255.,  255.,  255.]), text='Freq: before training', units='pix', win=Window(...), wrapWidth=1000)
3.9730 	DATA 	Keypress: space
3.9750 	INFO 	STANDARD FREQ: 600.0 COMPARISON FREQ: 500.0
3.9775 	INFO 	STANDARD VOLUME: 0.5 COMPARISON VOLUME: 0.5
7.2159 	DATA 	Keypress: f11
9.2785 	DATA 	No keypress (maxWait exceeded)
9.2888 	EXP 	window1: mouseVisible = True
9.2894 	EXP 	window1: mouseVisible = True
2.4909 	WARNING 	t of last frame was 2.07ms (=1/482)
2.4921 	WARNING 	t of last frame was 1.27ms (=1/790)
2.5067 	WARNING 	t of last frame was 2.06ms (=1/484)
2.6477 	EXP 	Created unnamed TextStim = TextStim(__class__=<class 'psychopy.visual.text.TextStim'>, alignHoriz='center', alignVert='center', antialias=True, autoLog=True, bold=False, color='grey', colorSpace='named', contrast=1.0, depth=0, flipHoriz=False, flipVert=False, font='Arial', fontFiles=[], height=20, italic=False, languageStyle='LTR', name='unnamed TextStim', opacity=1.0, ori=0.0, pos=array([  0., -40.]), rgb=array([ 128.,  128.,  128.]), text='Freq: Answer Label', units='pix', win=Window(...), wrapWidth=500)
2.6670 	EXP 	Created unnamed TextStim = TextStim(__class__=<class 'psychopy.visual.text.TextStim'>, alignHoriz='center', alignVert='center', antialias=True, autoLog=True, bold=False, color='grey', colorSpace='named', contrast=1.0, depth=0, flipHoriz=False, flipVert=False, font='Arial', fontFiles=[], height=20, italic=False, languageStyle='LTR', name='unnamed TextStim', opacity=1.0, ori=0.0, pos=array([  0., -80.]), rgb=array([ 128.,  128.,  128.]), text=str(...), units='pix', win=Window(...), wrapWidth=500)
2.6756 	EXP 	Created unnamed TextStim = TextStim(__class__=<class 'psychopy.visual.text.TextStim'>, alignHoriz='center', alignVert='center', antialias=True, autoLog=True, bold=False, color='grey', colorSpace='named', contrast=1.0, depth=0, flipHoriz=False, flipVert=False, font='Arial', fontFiles=[], height=20, italic=False, languageStyle='LTR', name='unnamed TextStim', opacity=1.0, ori=0.0, pos=array([ 0.,  0.]), rgb=array([ 128.,  128.,  128.]), text='Poprawna odpowiedź', units='pix', win=Window(...), wrapWidth=500)
2.6851 	EXP 	Created unnamed TextStim = TextStim(__class__=<class 'psychopy.visual.text.TextStim'>, alignHoriz='center', alignVert='center', antialias=True, autoLog=True, bold=False, color='grey', colorSpace='named', contrast=1.0, depth=0, flipHoriz=False, flipVert=False, font='Arial', fontFiles=[], height=20, italic=False, languageStyle='LTR', name='unnamed TextStim', opacity=1.0, ori=0.0, pos=array([ 0.,  0.]), rgb=array([ 128.,  128.,  128.]), text='Niepoprawna odpowiedź', units='pix', win=Window(...), wrapWidth=500)
2.6960 	EXP 	Created unnamed TextStim = TextStim(__class__=<class 'psychopy.visual.text.TextStim'>, alignHoriz='center', alignVert='center', antialias=True, autoLog=True, bold=False, color='grey', colorSpace='named', contrast=1.0, depth=0, flipHoriz=False, flipVert=False, font='Arial', fontFiles=[], height=20, italic=False, languageStyle='LTR', name='unnamed TextStim', opacity=1.0, ori=0.0, pos=array([ 0.,  0.]), rgb=array([ 128.,  128.,  128.]), text='Nie udzieliłeś/aś odpowiedzi', units='pix', win=Window(...), wrapWidth=500)
2.7127 	EXP 	Created unnamed TextStim = TextStim(__class__=<class 'psychopy.visual.text.TextStim'>, alignHoriz='center', alignVert='center', antialias=True, autoLog=True, bold=False, color='white', colorSpace='named', contrast=1.0, depth=0, flipHoriz=False, flipVert=False, font='arial', fontFiles=[], height=20, italic=False, languageStyle='LTR', name='unnamed TextStim', opacity=1.0, ori=0.0, pos=array([ 0.,  0.]), rgb=array([ 255.,  255.,  255.]), text='Freq: before training', units='pix', win=Window(...), wrapWidth=1000)
4.2138 	DATA 	Keypress: space
4.2169 	INFO 	STANDARD FREQ: 600.0 COMPARISON FREQ: 700.0
4.2197 	INFO 	STANDARD VOLUME: 0.5 COMPARISON VOLUME: 0.5
7.7299 	DATA 	Keypress: right
9.0354 	INFO 	STANDARD FREQ: 600.0 COMPARISON FREQ: 500.0
9.0375 	INFO 	STANDARD VOLUME: 0.5 COMPARISON VOLUME: 0.5
11.3716 	DATA 	Keypress: right
12.7443 	INFO 	STANDARD FREQ: 600.0 COMPARISON FREQ: 500.0
12.7492 	INFO 	STANDARD VOLUME: 0.5 COMPARISON VOLUME: 0.5
14.6887 	DATA 	Keypress: left
15.9939 	INFO 	STANDARD FREQ: 600.0 COMPARISON FREQ: 500.0
15.9960 	INFO 	STANDARD VOLUME: 0.5 COMPARISON VOLUME: 0.5
17.9839 	DATA 	Keypress: left
19.2890 	INFO 	STANDARD FREQ: 600.0 COMPARISON FREQ: 700.0
19.2909 	INFO 	STANDARD VOLUME: 0.5 COMPARISON VOLUME: 0.5
21.1270 	DATA 	Keypress: left
22.4318 	INFO 	STANDARD FREQ: 600.0 COMPARISON FREQ: 500.0
22.4342 	INFO 	STANDARD VOLUME: 0.5 COMPARISON VOLUME: 0.5
24.2411 	DATA 	Keypress: right
25.5464 	INFO 	STANDARD FREQ: 600.0 COMPARISON FREQ: 680.0
25.5488 	INFO 	STANDARD VOLUME: 0.5 COMPARISON VOLUME: 0.5
27.5260 	DATA 	Keypress: right
28.8316 	INFO 	STANDARD FREQ: 600.0 COMPARISON FREQ: 520.0
28.8338 	INFO 	STANDARD VOLUME: 0.5 COMPARISON VOLUME: 0.5
31.1204 	DATA 	Keypress: right
32.4275 	INFO 	STANDARD FREQ: 600.0 COMPARISON FREQ: 640.0
32.4293 	INFO 	STANDARD VOLUME: 0.5 COMPARISON VOLUME: 0.5
34.3763 	DATA 	Keypress: left
35.6834 	INFO 	STANDARD FREQ: 600.0 COMPARISON FREQ: 640.0
35.6853 	INFO 	STANDARD VOLUME: 0.5 COMPARISON VOLUME: 0.5
37.4231 	DATA 	Keypress: left
38.7370 	EXP 	Created unnamed TextStim = TextStim(__class__=<class 'psychopy.visual.text.TextStim'>, alignHoriz='center', alignVert='center', antialias=True, autoLog=True, bold=False, color='white', colorSpace='named', contrast=1.0, depth=0, flipHoriz=False, flipVert=False, font='arial', fontFiles=[], height=20, italic=False, languageStyle='LTR', name='unnamed TextStim', opacity=1.0, ori=0.0, pos=array([ 0.,  0.]), rgb=array([ 255.,  255.,  255.]), text='Freq: before experiment', units='pix', win=Window(...), wrapWidth=1000)
40.7286 	DATA 	Keypress: space
40.7317 	INFO 	STANDARD FREQ: 600.0 COMPARISON FREQ: 550.0
40.7340 	INFO 	STANDARD VOLUME: 0.5 COMPARISON VOLUME: 0.5
42.7841 	DATA 	Keypress: left
43.0885 	INFO 	STANDARD FREQ: 600.0 COMPARISON FREQ: 550.0
43.0910 	INFO 	STANDARD VOLUME: 0.5 COMPARISON VOLUME: 0.5
44.8782 	DATA 	Keypress: left
45.1820 	INFO 	STANDARD FREQ: 600.0 COMPARISON FREQ: 650.0
45.1839 	INFO 	STANDARD VOLUME: 0.5 COMPARISON VOLUME: 0.5
46.8904 	DATA 	Keypress: right
47.1943 	INFO 	STANDARD FREQ: 600.0 COMPARISON FREQ: 555.0
47.1966 	INFO 	STANDARD VOLUME: 0.5 COMPARISON VOLUME: 0.5
48.9474 	DATA 	Keypress: left
49.2517 	INFO 	STANDARD FREQ: 600.0 COMPARISON FREQ: 645.0
49.2593 	INFO 	STANDARD VOLUME: 0.5 COMPARISON VOLUME: 0.5
51.0942 	DATA 	Keypress: left
51.3982 	INFO 	STANDARD FREQ: 600.0 COMPARISON FREQ: 645.0
51.4000 	INFO 	STANDARD VOLUME: 0.5 COMPARISON VOLUME: 0.5
56.7011 	DATA 	No keypress (maxWait exceeded)
57.0048 	INFO 	STANDARD FREQ: 600.0 COMPARISON FREQ: 560.0
57.0094 	INFO 	STANDARD VOLUME: 0.5 COMPARISON VOLUME: 0.5
58.7060 	DATA 	Keypress: left
59.0100 	INFO 	STANDARD FREQ: 600.0 COMPARISON FREQ: 640.0
59.0123 	INFO 	STANDARD VOLUME: 0.5 COMPARISON VOLUME: 0.5
60.7235 	DATA 	Keypress: right
61.0275 	INFO 	STANDARD FREQ: 600.0 COMPARISON FREQ: 560.0
61.0298 	INFO 	STANDARD VOLUME: 0.5 COMPARISON VOLUME: 0.5
62.6533 	DATA 	Keypress: left
62.9571 	INFO 	STANDARD FREQ: 600.0 COMPARISON FREQ: 635.0
62.9595 	INFO 	STANDARD VOLUME: 0.5 COMPARISON VOLUME: 0.5
64.7187 	DATA 	Keypress: right
65.0227 	INFO 	STANDARD FREQ: 600.0 COMPARISON FREQ: 640.0
65.0247 	INFO 	STANDARD VOLUME: 0.5 COMPARISON VOLUME: 0.5
66.6254 	DATA 	Keypress: left
66.9294 	INFO 	STANDARD FREQ: 600.0 COMPARISON FREQ: 640.0
66.9318 	INFO 	STANDARD VOLUME: 0.5 COMPARISON VOLUME: 0.5
68.5097 	DATA 	Keypress: left
68.8137 	INFO 	STANDARD FREQ: 600.0 COMPARISON FREQ: 560.0
68.8159 	INFO 	STANDARD VOLUME: 0.5 COMPARISON VOLUME: 0.5
70.6648 	DATA 	Keypress: left
70.9741 	EXP 	Created unnamed TextStim = TextStim(__class__=<class 'psychopy.visual.text.TextStim'>, alignHoriz='center', alignVert='center', antialias=True, autoLog=True, bold=False, color='white', colorSpace='named', contrast=1.0, depth=0, flipHoriz=False, flipVert=False, font='arial', fontFiles=[], height=20, italic=False, languageStyle='LTR', name='unnamed TextStim', opacity=1.0, ori=0.0, pos=array([ 0.,  0.]), rgb=array([ 255.,  255.,  255.]), text='Freq: end', units='pix', win=Window(...), wrapWidth=1000)
75.1096 	DATA 	Keypress: space
75.1178 	EXP 	window1: mouseVisible = True
75.1195 	EXP 	window1: mouseVisible = True
