4.3139 	WARNING 	t of last frame was 1.27ms (=1/788)
4.3270 	WARNING 	t of last frame was 2.06ms (=1/485)
4.4785 	EXP 	Created unnamed TextStim = TextStim(__class__=<class 'psychopy.visual.text.TextStim'>, alignHoriz='center', alignVert='center', antialias=True, autoLog=True, bold=False, color='grey', colorSpace='named', contrast=1.0, depth=0, flipHoriz=False, flipVert=False, font='Arial', fontFiles=[], height=20, italic=False, languageStyle='LTR', name='unnamed TextStim', opacity=1.0, ori=0.0, pos=array([  0., -40.]), rgb=array([ 128.,  128.,  128.]), text='Freq: Answer Label', units='pix', win=Window(...), wrapWidth=500)
4.5044 	EXP 	Created unnamed TextStim = TextStim(__class__=<class 'psychopy.visual.text.TextStim'>, alignHoriz='center', alignVert='center', antialias=True, autoLog=True, bold=False, color='grey', colorSpace='named', contrast=1.0, depth=0, flipHoriz=False, flipVert=False, font='Arial', fontFiles=[], height=20, italic=False, languageStyle='LTR', name='unnamed TextStim', opacity=1.0, ori=0.0, pos=array([  0., -80.]), rgb=array([ 128.,  128.,  128.]), text=str(...), units='pix', win=Window(...), wrapWidth=500)
4.5170 	EXP 	Created unnamed TextStim = TextStim(__class__=<class 'psychopy.visual.text.TextStim'>, alignHoriz='center', alignVert='center', antialias=True, autoLog=True, bold=False, color='grey', colorSpace='named', contrast=1.0, depth=0, flipHoriz=False, flipVert=False, font='Arial', fontFiles=[], height=20, italic=False, languageStyle='LTR', name='unnamed TextStim', opacity=1.0, ori=0.0, pos=array([ 0.,  0.]), rgb=array([ 128.,  128.,  128.]), text='Poprawna odpowiedź', units='pix', win=Window(...), wrapWidth=500)
4.5286 	EXP 	Created unnamed TextStim = TextStim(__class__=<class 'psychopy.visual.text.TextStim'>, alignHoriz='center', alignVert='center', antialias=True, autoLog=True, bold=False, color='grey', colorSpace='named', contrast=1.0, depth=0, flipHoriz=False, flipVert=False, font='Arial', fontFiles=[], height=20, italic=False, languageStyle='LTR', name='unnamed TextStim', opacity=1.0, ori=0.0, pos=array([ 0.,  0.]), rgb=array([ 128.,  128.,  128.]), text='Niepoprawna odpowiedź', units='pix', win=Window(...), wrapWidth=500)
4.5442 	EXP 	Created unnamed TextStim = TextStim(__class__=<class 'psychopy.visual.text.TextStim'>, alignHoriz='center', alignVert='center', antialias=True, autoLog=True, bold=False, color='grey', colorSpace='named', contrast=1.0, depth=0, flipHoriz=False, flipVert=False, font='Arial', fontFiles=[], height=20, italic=False, languageStyle='LTR', name='unnamed TextStim', opacity=1.0, ori=0.0, pos=array([ 0.,  0.]), rgb=array([ 128.,  128.,  128.]), text='Nie udzieliłeś/aś odpowiedzi', units='pix', win=Window(...), wrapWidth=500)
4.5753 	EXP 	Created unnamed TextStim = TextStim(__class__=<class 'psychopy.visual.text.TextStim'>, alignHoriz='center', alignVert='center', antialias=True, autoLog=True, bold=False, color='white', colorSpace='named', contrast=1.0, depth=0, flipHoriz=False, flipVert=False, font='arial', fontFiles=[], height=20, italic=False, languageStyle='LTR', name='unnamed TextStim', opacity=1.0, ori=0.0, pos=array([ 0.,  0.]), rgb=array([ 255.,  255.,  255.]), text='Freq: before training', units='pix', win=Window(...), wrapWidth=1000)
5.3369 	DATA 	Keypress: return
5.3399 	INFO 	STANDARD FREQ: 600.0 COMPARISON FREQ: 1050.0
5.3596 	INFO 	STANDARD VOLUME: 0.5 COMPARISON VOLUME: 0.5
8.6769 	DATA 	Keypress: left
9.7631 	INFO 	STANDARD FREQ: 600.0 COMPARISON FREQ: 1050.0
9.7747 	INFO 	STANDARD VOLUME: 0.5 COMPARISON VOLUME: 0.5
12.8260 	DATA 	Keypress: left
13.9119 	INFO 	STANDARD FREQ: 600.0 COMPARISON FREQ: 150.0
13.9205 	INFO 	STANDARD VOLUME: 0.5 COMPARISON VOLUME: 0.5
18.2197 	DATA 	Keypress: left
19.3050 	INFO 	STANDARD FREQ: 600.0 COMPARISON FREQ: 150.0
19.3130 	INFO 	STANDARD VOLUME: 0.5 COMPARISON VOLUME: 0.5
22.7276 	DATA 	Keypress: left
23.8177 	INFO 	STANDARD FREQ: 600.0 COMPARISON FREQ: 150.0
23.8307 	INFO 	STANDARD VOLUME: 0.5 COMPARISON VOLUME: 0.5
27.4173 	DATA 	Keypress: right
28.5042 	INFO 	STANDARD FREQ: 600.0 COMPARISON FREQ: 1050.0
28.5131 	INFO 	STANDARD VOLUME: 0.5 COMPARISON VOLUME: 0.5
31.6535 	DATA 	Keypress: left
32.7405 	INFO 	STANDARD FREQ: 600.0 COMPARISON FREQ: 300.0
32.7484 	INFO 	STANDARD VOLUME: 0.5 COMPARISON VOLUME: 0.5
36.0301 	DATA 	Keypress: left
37.1183 	INFO 	STANDARD FREQ: 600.0 COMPARISON FREQ: 300.0
37.1263 	INFO 	STANDARD VOLUME: 0.5 COMPARISON VOLUME: 0.5
40.0626 	DATA 	Keypress: right
41.1512 	INFO 	STANDARD FREQ: 600.0 COMPARISON FREQ: 800.0
41.1597 	INFO 	STANDARD VOLUME: 0.5 COMPARISON VOLUME: 0.5
44.0821 	DATA 	Keypress: left
45.1700 	INFO 	STANDARD FREQ: 600.0 COMPARISON FREQ: 400.0
45.1774 	INFO 	STANDARD VOLUME: 0.5 COMPARISON VOLUME: 0.5
48.2558 	DATA 	Keypress: right
49.3803 	EXP 	Created unnamed TextStim = TextStim(__class__=<class 'psychopy.visual.text.TextStim'>, alignHoriz='center', alignVert='center', antialias=True, autoLog=True, bold=False, color='white', colorSpace='named', contrast=1.0, depth=0, flipHoriz=False, flipVert=False, font='arial', fontFiles=[], height=20, italic=False, languageStyle='LTR', name='unnamed TextStim', opacity=1.0, ori=0.0, pos=array([ 0.,  0.]), rgb=array([ 255.,  255.,  255.]), text='Freq: before experiment', units='pix', win=Window(...), wrapWidth=1000)
69.4759 	DATA 	Keypress: space
69.4786 	INFO 	STANDARD FREQ: 600.0 COMPARISON FREQ: 800.0
69.4865 	INFO 	STANDARD VOLUME: 0.5 COMPARISON VOLUME: 0.5
72.3314 	DATA 	Keypress: left
72.4163 	INFO 	STANDARD FREQ: 600.0 COMPARISON FREQ: 400.0
72.4231 	INFO 	STANDARD VOLUME: 0.5 COMPARISON VOLUME: 0.5
75.6308 	DATA 	Keypress: right
75.7161 	INFO 	STANDARD FREQ: 600.0 COMPARISON FREQ: 400.0
75.7240 	INFO 	STANDARD VOLUME: 0.5 COMPARISON VOLUME: 0.5
78.6561 	DATA 	Keypress: left
78.7408 	INFO 	STANDARD FREQ: 600.0 COMPARISON FREQ: 770.0
78.7477 	INFO 	STANDARD VOLUME: 0.5 COMPARISON VOLUME: 0.5
81.6782 	DATA 	Keypress: right
81.7631 	INFO 	STANDARD FREQ: 600.0 COMPARISON FREQ: 430.0
81.7710 	INFO 	STANDARD VOLUME: 0.5 COMPARISON VOLUME: 0.5
84.7903 	DATA 	Keypress: right
84.8751 	INFO 	STANDARD FREQ: 600.0 COMPARISON FREQ: 770.0
84.8830 	INFO 	STANDARD VOLUME: 0.5 COMPARISON VOLUME: 0.5
88.0483 	DATA 	Keypress: left
88.1331 	INFO 	STANDARD FREQ: 600.0 COMPARISON FREQ: 460.0
88.1399 	INFO 	STANDARD VOLUME: 0.5 COMPARISON VOLUME: 0.5
90.9614 	DATA 	Keypress: right
91.0463 	INFO 	STANDARD FREQ: 600.0 COMPARISON FREQ: 460.0
91.0556 	INFO 	STANDARD VOLUME: 0.5 COMPARISON VOLUME: 0.5
93.8252 	DATA 	Keypress: right
93.9099 	INFO 	STANDARD FREQ: 600.0 COMPARISON FREQ: 460.0
93.9173 	INFO 	STANDARD VOLUME: 0.5 COMPARISON VOLUME: 0.5
96.6272 	DATA 	Keypress: left
96.7153 	INFO 	STANDARD FREQ: 600.0 COMPARISON FREQ: 710.0
96.7223 	INFO 	STANDARD VOLUME: 0.5 COMPARISON VOLUME: 0.5
99.4521 	DATA 	Keypress: right
99.5370 	INFO 	STANDARD FREQ: 600.0 COMPARISON FREQ: 490.0
99.5452 	INFO 	STANDARD VOLUME: 0.5 COMPARISON VOLUME: 0.5
102.4869 	DATA 	Keypress: right
102.5719 	INFO 	STANDARD FREQ: 600.0 COMPARISON FREQ: 710.0
102.5802 	INFO 	STANDARD VOLUME: 0.5 COMPARISON VOLUME: 0.5
105.4201 	DATA 	Keypress: right
105.5050 	INFO 	STANDARD FREQ: 600.0 COMPARISON FREQ: 520.0
105.5134 	INFO 	STANDARD VOLUME: 0.5 COMPARISON VOLUME: 0.5
108.1016 	DATA 	Keypress: left
108.1863 	INFO 	STANDARD FREQ: 600.0 COMPARISON FREQ: 520.0
108.1946 	INFO 	STANDARD VOLUME: 0.5 COMPARISON VOLUME: 0.5
110.9511 	DATA 	Keypress: left
111.0361 	INFO 	STANDARD FREQ: 600.0 COMPARISON FREQ: 520.0
111.0443 	INFO 	STANDARD VOLUME: 0.5 COMPARISON VOLUME: 0.5
113.7143 	DATA 	Keypress: right
113.7996 	INFO 	STANDARD FREQ: 600.0 COMPARISON FREQ: 550.0
113.8085 	INFO 	STANDARD VOLUME: 0.5 COMPARISON VOLUME: 0.5
116.6929 	DATA 	Keypress: left
116.7810 	INFO 	STANDARD FREQ: 600.0 COMPARISON FREQ: 680.0
116.7893 	INFO 	STANDARD VOLUME: 0.5 COMPARISON VOLUME: 0.5
119.3556 	DATA 	Keypress: left
119.4405 	INFO 	STANDARD FREQ: 600.0 COMPARISON FREQ: 680.0
119.4508 	INFO 	STANDARD VOLUME: 0.5 COMPARISON VOLUME: 0.5
121.9794 	DATA 	Keypress: left
122.0641 	INFO 	STANDARD FREQ: 600.0 COMPARISON FREQ: 680.0
122.0724 	INFO 	STANDARD VOLUME: 0.5 COMPARISON VOLUME: 0.5
124.4551 	DATA 	Keypress: left
124.5464 	EXP 	Created unnamed TextStim = TextStim(__class__=<class 'psychopy.visual.text.TextStim'>, alignHoriz='center', alignVert='center', antialias=True, autoLog=True, bold=False, color='white', colorSpace='named', contrast=1.0, depth=0, flipHoriz=False, flipVert=False, font='arial', fontFiles=[], height=20, italic=False, languageStyle='LTR', name='unnamed TextStim', opacity=1.0, ori=0.0, pos=array([ 0.,  0.]), rgb=array([ 255.,  255.,  255.]), text='Freq: end', units='pix', win=Window(...), wrapWidth=1000)
127.9991 	DATA 	Keypress: q
127.9992 	EXP 	Global key event: safe_quit. Calling <function safe_quit at 0x7f27a4f7d840>.
128.0090 	EXP 	window1: mouseVisible = True
128.0096 	EXP 	window1: mouseVisible = True
