3.4397 	INFO 	Screen res set as: 1920x1080
3.4572 	INFO 	Loaded monitor calibration from ['2022_06_10 19:24']
4.5629 	EXP 	Created window1 = Window(allowGUI=True, allowStencil=False, autoLog=True, backendConf=UNKNOWN, bitsMode=UNKNOWN, blendMode='avg', bpc=(8, 8, 8), color=array([-1, -1, -1]), colorSpace='rgb', depthBits=8, fullscr=<method-wrapper '__getattribute__' of attributeSetter object at 0x7f7563587b80>, gamma=None, gammaErrorPolicy='raise', lms=UNKNOWN, monitor=<psychopy.monitors.calibTools.Monitor object at 0x7f7558392130>, multiSample=False, name='window1', numSamples=2, pos=[0.0, 0.0], screen=0, size=array([1920, 1080]), stencilBits=0, stereo=False, units='pix', useFBO=False, useRetina=False, viewOri=0.0, viewPos=None, viewScale=None, waitBlanking=True, winType='pyglet')
4.5632 	EXP 	window1: mouseVisible = True
4.5668 	EXP 	window1: mouseVisible = False
4.5668 	EXP 	window1: Attempting to measure frame rate of screen (0) ...
4.5669 	EXP 	window1: recordFrameIntervals = False
4.6356 	EXP 	window1: recordFrameIntervals = True
4.8510 	EXP 	Screen (0) actual frame rate measured at 144.11Hz
4.8511 	EXP 	window1: recordFrameIntervals = False
4.8512 	INFO 	Detected framerate: 144 frames per sec.
4.8512 	INFO 	FRAME RATE: 144
4.8513 	INFO 	SCREEN RES: odict_values([1920, 1080])
5.0500 	EXP 	Created unnamed TextStim = TextStim(__class__=<class 'psychopy.visual.text.TextStim'>, alignHoriz=method-wrapper(...), alignText='center', alignVert=method-wrapper(...), anchorHoriz='center', anchorVert='center', antialias=True, autoDraw=False, autoLog=True, bold=False, color=array([0.00392157, 0.00392157, 0.00392157]), colorSpace='rgb', contrast=1.0, depth=0, flipHoriz=False, flipVert=False, font='Arial', fontFiles=[], height=20.0, italic=False, languageStyle='LTR', name='unnamed TextStim', opacity=1.0, ori=0.0, pos=array([  0., -40.]), rgb=UNKNOWN, text='Który dłuższy?', units='pix', win=Window(...), wrapWidth=500)
5.0542 	EXP 	Created unnamed TextStim = TextStim(__class__=<class 'psychopy.visual.text.TextStim'>, alignHoriz=method-wrapper(...), alignText='center', alignVert=method-wrapper(...), anchorHoriz='center', anchorVert='center', antialias=True, autoDraw=False, autoLog=True, bold=False, color=array([0.00392157, 0.00392157, 0.00392157]), colorSpace='rgb', contrast=1.0, depth=0, flipHoriz=False, flipVert=False, font='Arial', fontFiles=[], height=20.0, italic=False, languageStyle='LTR', name='unnamed TextStim', opacity=1.0, ori=0.0, pos=array([  0., -80.]), rgb=UNKNOWN, text=str(...), units='pix', win=Window(...), wrapWidth=1000)
5.0583 	EXP 	Created unnamed TextStim = TextStim(__class__=<class 'psychopy.visual.text.TextStim'>, alignHoriz=method-wrapper(...), alignText='center', alignVert=method-wrapper(...), anchorHoriz='center', anchorVert='center', antialias=True, autoDraw=False, autoLog=True, bold=False, color=array([ 1., -1., -1.]), colorSpace='rgb', contrast=1.0, depth=0, flipHoriz=False, flipVert=False, font='', fontFiles=[], height=20.0, italic=False, languageStyle='LTR', name='unnamed TextStim', opacity=1.0, ori=0.0, pos=array([ 0., 15.]), rgb=UNKNOWN, text='+', units='pix', win=Window(...), wrapWidth=500)
5.0947 	EXP 	Created unnamed TextStim = TextStim(__class__=<class 'psychopy.visual.text.TextStim'>, alignHoriz=method-wrapper(...), alignText='center', alignVert=method-wrapper(...), anchorHoriz='center', anchorVert='center', antialias=True, autoDraw=False, autoLog=True, bold=False, color=array([1., 1., 1.]), colorSpace='rgb', contrast=1.0, depth=0, flipHoriz=False, flipVert=False, font='arial', fontFiles=[], height=20.0, italic=False, languageStyle='LTR', name='unnamed TextStim', opacity=1.0, ori=0.0, pos=array([0., 0.]), rgb=UNKNOWN, text=str(...), units='pix', win=Window(...), wrapWidth=1000)
5.1029 	EXP 	unnamed TextStim: autoDraw = True
5.6867 	DATA 	Keypress: space
5.7211 	EXP 	unnamed TextStim: autoDraw = True
5.7211 	EXP 	unnamed TextStim: autoDraw = True
5.7558 	EXP 	Created unnamed TextStim = TextStim(__class__=<class 'psychopy.visual.text.TextStim'>, alignHoriz=method-wrapper(...), alignText='center', alignVert=method-wrapper(...), anchorHoriz='center', anchorVert='center', antialias=True, autoDraw=False, autoLog=True, bold=False, color=array([0.00392157, 0.00392157, 0.00392157]), colorSpace='rgb', contrast=1.0, depth=0, flipHoriz=False, flipVert=False, font='Arial', fontFiles=[], height=20.0, italic=False, languageStyle='LTR', name='unnamed TextStim', opacity=1.0, ori=0.0, pos=array([0., 0.]), rgb=UNKNOWN, text='Poprawna odpowiedź', units='pix', win=Window(...), wrapWidth=500)
5.7587 	EXP 	Created unnamed TextStim = TextStim(__class__=<class 'psychopy.visual.text.TextStim'>, alignHoriz=method-wrapper(...), alignText='center', alignVert=method-wrapper(...), anchorHoriz='center', anchorVert='center', antialias=True, autoDraw=False, autoLog=True, bold=False, color=array([0.00392157, 0.00392157, 0.00392157]), colorSpace='rgb', contrast=1.0, depth=0, flipHoriz=False, flipVert=False, font='Arial', fontFiles=[], height=20.0, italic=False, languageStyle='LTR', name='unnamed TextStim', opacity=1.0, ori=0.0, pos=array([0., 0.]), rgb=UNKNOWN, text='Odpowiedź niepoprawna', units='pix', win=Window(...), wrapWidth=500)
5.7619 	EXP 	Created unnamed TextStim = TextStim(__class__=<class 'psychopy.visual.text.TextStim'>, alignHoriz=method-wrapper(...), alignText='center', alignVert=method-wrapper(...), anchorHoriz='center', anchorVert='center', antialias=True, autoDraw=False, autoLog=True, bold=False, color=array([0.00392157, 0.00392157, 0.00392157]), colorSpace='rgb', contrast=1.0, depth=0, flipHoriz=False, flipVert=False, font='Arial', fontFiles=[], height=20.0, italic=False, languageStyle='LTR', name='unnamed TextStim', opacity=1.0, ori=0.0, pos=array([0., 0.]), rgb=UNKNOWN, text='Nie udzieliłeś/aś odpowiedzi', units='pix', win=Window(...), wrapWidth=500)
5.7734 	INFO 	Time1: 0.45, Time2:0.15. Fadeout: 50
5.7734 	INFO 	TrialType: cmp_dur
5.7734 	INFO 	Standard is ffirst and higher
9.2456 	DATA 	Keypress: f7
10.4865 	DATA 	Keypress: f7
10.8551 	DATA 	Keypress: f7
12.5857 	DATA 	No keypress (maxWait exceeded)
13.6007 	DATA 	Keypress: f7
13.6077 	CRITICAL 	Experiment finished by user! f7 pressed.
13.6512 	EXP 	window1: mouseVisible = True
