53.1711 	INFO 	Screen res set as: 1920x1080
53.1717 	INFO 	Loaded monitor calibration from ['2022_06_10 19:24']
54.5291 	EXP 	Created window1 = Window(allowGUI=True, allowStencil=False, autoLog=True, backendConf=UNKNOWN, bitsMode=UNKNOWN, blendMode='avg', bpc=(8, 8, 8), color=array([-1, -1, -1]), colorSpace='rgb', depthBits=8, fullscr=<method-wrapper '__getattribute__' of attributeSetter object at 0x7f4369c28be0>, gamma=None, gammaErrorPolicy='raise', lms=UNKNOWN, monitor=<psychopy.monitors.calibTools.Monitor object at 0x7f435da37190>, multiSample=False, name='window1', numSamples=2, pos=[0.0, 0.0], screen=0, size=array([1920, 1080]), stencilBits=0, stereo=False, units='pix', useFBO=False, useRetina=False, viewOri=0.0, viewPos=None, viewScale=None, waitBlanking=True, winType='pyglet')
54.5291 	EXP 	window1: mouseVisible = True
54.5298 	EXP 	window1: mouseVisible = False
54.5298 	EXP 	window1: Attempting to measure frame rate of screen (0) ...
54.5299 	EXP 	window1: recordFrameIntervals = False
54.6955 	EXP 	window1: recordFrameIntervals = True
55.2122 	EXP 	Screen (0) actual frame rate measured at 60.00Hz
55.2122 	EXP 	window1: recordFrameIntervals = False
55.2122 	INFO 	Detected framerate: 60 frames per sec.
55.2123 	INFO 	FRAME RATE: 60
55.2123 	INFO 	SCREEN RES: odict_values([1920, 1080])
57.0774 	EXP 	Created unnamed TextStim = TextStim(__class__=<class 'psychopy.visual.text.TextStim'>, alignHoriz=method-wrapper(...), alignText='center', alignVert=method-wrapper(...), anchorHoriz='center', anchorVert='center', antialias=True, autoDraw=False, autoLog=True, bold=False, color=array([0.00392157, 0.00392157, 0.00392157]), colorSpace='rgb', contrast=1.0, depth=0, flipHoriz=False, flipVert=False, font='Arial', fontFiles=[], height=20.0, italic=False, languageStyle='LTR', name='unnamed TextStim', opacity=1.0, ori=0.0, pos=array([  0., -40.]), rgb=UNKNOWN, text='Który dłuższy?', units='pix', win=Window(...), wrapWidth=500)
57.0817 	EXP 	Created unnamed TextStim = TextStim(__class__=<class 'psychopy.visual.text.TextStim'>, alignHoriz=method-wrapper(...), alignText='center', alignVert=method-wrapper(...), anchorHoriz='center', anchorVert='center', antialias=True, autoDraw=False, autoLog=True, bold=False, color=array([0.00392157, 0.00392157, 0.00392157]), colorSpace='rgb', contrast=1.0, depth=0, flipHoriz=False, flipVert=False, font='Arial', fontFiles=[], height=20.0, italic=False, languageStyle='LTR', name='unnamed TextStim', opacity=1.0, ori=0.0, pos=array([  0., -80.]), rgb=UNKNOWN, text=str(...), units='pix', win=Window(...), wrapWidth=1000)
57.0858 	EXP 	Created unnamed TextStim = TextStim(__class__=<class 'psychopy.visual.text.TextStim'>, alignHoriz=method-wrapper(...), alignText='center', alignVert=method-wrapper(...), anchorHoriz='center', anchorVert='center', antialias=True, autoDraw=False, autoLog=True, bold=False, color=array([ 1., -1., -1.]), colorSpace='rgb', contrast=1.0, depth=0, flipHoriz=False, flipVert=False, font='', fontFiles=[], height=20.0, italic=False, languageStyle='LTR', name='unnamed TextStim', opacity=1.0, ori=0.0, pos=array([ 0., 15.]), rgb=UNKNOWN, text='+', units='pix', win=Window(...), wrapWidth=500)
57.1058 	EXP 	Created unnamed TextStim = TextStim(__class__=<class 'psychopy.visual.text.TextStim'>, alignHoriz=method-wrapper(...), alignText='center', alignVert=method-wrapper(...), anchorHoriz='center', anchorVert='center', antialias=True, autoDraw=False, autoLog=True, bold=False, color=array([1., 1., 1.]), colorSpace='rgb', contrast=1.0, depth=0, flipHoriz=False, flipVert=False, font='arial', fontFiles=[], height=20.0, italic=False, languageStyle='LTR', name='unnamed TextStim', opacity=1.0, ori=0.0, pos=array([0., 0.]), rgb=UNKNOWN, text=str(...), units='pix', win=Window(...), wrapWidth=1000)
57.1244 	EXP 	unnamed TextStim: autoDraw = True
58.5258 	DATA 	Keypress: space
58.5578 	EXP 	unnamed TextStim: autoDraw = True
58.5578 	EXP 	unnamed TextStim: autoDraw = True
58.5766 	EXP 	Created unnamed TextStim = TextStim(__class__=<class 'psychopy.visual.text.TextStim'>, alignHoriz=method-wrapper(...), alignText='center', alignVert=method-wrapper(...), anchorHoriz='center', anchorVert='center', antialias=True, autoDraw=False, autoLog=True, bold=False, color=array([0.00392157, 0.00392157, 0.00392157]), colorSpace='rgb', contrast=1.0, depth=0, flipHoriz=False, flipVert=False, font='Arial', fontFiles=[], height=20.0, italic=False, languageStyle='LTR', name='unnamed TextStim', opacity=1.0, ori=0.0, pos=array([0., 0.]), rgb=UNKNOWN, text='Poprawna odpowiedź', units='pix', win=Window(...), wrapWidth=500)
58.5791 	EXP 	Created unnamed TextStim = TextStim(__class__=<class 'psychopy.visual.text.TextStim'>, alignHoriz=method-wrapper(...), alignText='center', alignVert=method-wrapper(...), anchorHoriz='center', anchorVert='center', antialias=True, autoDraw=False, autoLog=True, bold=False, color=array([0.00392157, 0.00392157, 0.00392157]), colorSpace='rgb', contrast=1.0, depth=0, flipHoriz=False, flipVert=False, font='Arial', fontFiles=[], height=20.0, italic=False, languageStyle='LTR', name='unnamed TextStim', opacity=1.0, ori=0.0, pos=array([0., 0.]), rgb=UNKNOWN, text='Odpowiedź niepoprawna', units='pix', win=Window(...), wrapWidth=500)
58.5820 	EXP 	Created unnamed TextStim = TextStim(__class__=<class 'psychopy.visual.text.TextStim'>, alignHoriz=method-wrapper(...), alignText='center', alignVert=method-wrapper(...), anchorHoriz='center', anchorVert='center', antialias=True, autoDraw=False, autoLog=True, bold=False, color=array([0.00392157, 0.00392157, 0.00392157]), colorSpace='rgb', contrast=1.0, depth=0, flipHoriz=False, flipVert=False, font='Arial', fontFiles=[], height=20.0, italic=False, languageStyle='LTR', name='unnamed TextStim', opacity=1.0, ori=0.0, pos=array([0., 0.]), rgb=UNKNOWN, text='Nie udzieliłeś/aś odpowiedzi', units='pix', win=Window(...), wrapWidth=500)
58.5934 	INFO 	Time1: 0.5, Time2:0.8. Fadeout: 2000
58.5934 	INFO 	TrialType: cmp_dur
58.5934 	INFO 	Standard is ffirst and lower
69.7737 	DATA 	Keypress: f7
70.1735 	DATA 	Keypress: f7
70.4615 	DATA 	Keypress: f7
71.7098 	DATA 	No keypress (maxWait exceeded)
72.7455 	CRITICAL 	Experiment finished by user! f7 pressed.
77.9090 	EXP 	window1: mouseVisible = True
